This file contains any messages produced by compilers while
running configure, to aid debugging if configure makes a mistake.

It was created by ABL configure 1.2, which was
generated by GNU Autoconf 2.64.  Invocation command line was

  $ ./configure 

## --------- ##
## Platform. ##
## --------- ##

hostname = vagrant-ubuntu-trusty-64
uname -m = x86_64
uname -r = 3.13.0-53-generic
uname -s = Linux
uname -v = #89-Ubuntu SMP Wed May 20 10:34:39 UTC 2015

/usr/bin/uname -p = unknown
/bin/uname -X     = unknown

/bin/arch              = unknown
/usr/bin/arch -k       = unknown
/usr/convex/getsysinfo = unknown
/usr/bin/hostinfo      = unknown
/bin/machine           = unknown
/usr/bin/oslevel       = unknown
/bin/universe          = unknown

PATH: /usr/local/sbin
PATH: /usr/local/bin
PATH: /usr/sbin
PATH: /usr/bin
PATH: /sbin
PATH: /bin


## ----------- ##
## Core tests. ##
## ----------- ##

configure:2246: checking for a BSD-compatible install
configure:2314: result: /usr/bin/install -c
configure:2325: checking whether build environment is sane
configure:2375: result: yes
configure:2516: checking for a thread-safe mkdir -p
configure:2555: result: /bin/mkdir -p
configure:2568: checking for gawk
configure:2584: found /usr/bin/gawk
configure:2595: result: gawk
configure:2606: checking whether make sets $(MAKE)
configure:2628: result: yes
configure:2772: checking for g++
configure:2788: found /usr/bin/g++
configure:2799: result: g++
configure:2826: checking for C++ compiler version
configure:2835: g++ --version >&5
g++ (Ubuntu 4.8.4-2ubuntu1~14.04) 4.8.4
Copyright (C) 2013 Free Software Foundation, Inc.
This is free software; see the source for copying conditions.  There is NO
warranty; not even for MERCHANTABILITY or FITNESS FOR A PARTICULAR PURPOSE.

configure:2846: $? = 0
configure:2835: g++ -v >&5
Using built-in specs.
COLLECT_GCC=g++
COLLECT_LTO_WRAPPER=/usr/lib/gcc/x86_64-linux-gnu/4.8/lto-wrapper
Target: x86_64-linux-gnu
Configured with: ../src/configure -v --with-pkgversion='Ubuntu 4.8.4-2ubuntu1~14.04' --with-bugurl=file:///usr/share/doc/gcc-4.8/README.Bugs --enable-languages=c,c++,java,go,d,fortran,objc,obj-c++ --prefix=/usr --program-suffix=-4.8 --enable-shared --enable-linker-build-id --libexecdir=/usr/lib --without-included-gettext --enable-threads=posix --with-gxx-include-dir=/usr/include/c++/4.8 --libdir=/usr/lib --enable-nls --with-sysroot=/ --enable-clocale=gnu --enable-libstdcxx-debug --enable-libstdcxx-time=yes --enable-gnu-unique-object --disable-libmudflap --enable-plugin --with-system-zlib --disable-browser-plugin --enable-java-awt=gtk --enable-gtk-cairo --with-java-home=/usr/lib/jvm/java-1.5.0-gcj-4.8-amd64/jre --enable-java-home --with-jvm-root-dir=/usr/lib/jvm/java-1.5.0-gcj-4.8-amd64 --with-jvm-jar-dir=/usr/lib/jvm-exports/java-1.5.0-gcj-4.8-amd64 --with-arch-directory=amd64 --with-ecj-jar=/usr/share/java/eclipse-ecj.jar --enable-objc-gc --enable-multiarch --disable-werror --with-arch-32=i686 --with-abi=m64 --with-multilib-list=m32,m64,mx32 --with-tune=generic --enable-checking=release --build=x86_64-linux-gnu --host=x86_64-linux-gnu --target=x86_64-linux-gnu
Thread model: posix
gcc version 4.8.4 (Ubuntu 4.8.4-2ubuntu1~14.04) 
configure:2846: $? = 0
configure:2835: g++ -V >&5
g++: error: unrecognized command line option '-V'
g++: fatal error: no input files
compilation terminated.
configure:2846: $? = 4
configure:2835: g++ -qversion >&5
g++: error: unrecognized command line option '-qversion'
g++: fatal error: no input files
compilation terminated.
configure:2846: $? = 4
configure:2868: checking for C++ compiler default output file name
configure:2890: g++    conftest.cpp  >&5
configure:2894: $? = 0
configure:2931: result: a.out
configure:2947: checking whether the C++ compiler works
configure:2956: ./a.out
configure:2960: $? = 0
configure:2975: result: yes
configure:2982: checking whether we are cross compiling
configure:2984: result: no
configure:2987: checking for suffix of executables
configure:2994: g++ -o conftest    conftest.cpp  >&5
configure:2998: $? = 0
configure:3020: result: 
configure:3026: checking for suffix of object files
configure:3048: g++ -c   conftest.cpp >&5
configure:3052: $? = 0
configure:3073: result: o
configure:3077: checking whether we are using the GNU C++ compiler
configure:3096: g++ -c   conftest.cpp >&5
configure:3096: $? = 0
configure:3105: result: yes
configure:3114: checking whether g++ accepts -g
configure:3134: g++ -c -g  conftest.cpp >&5
configure:3134: $? = 0
configure:3175: result: yes
configure:3209: checking for style of include used by make
configure:3237: result: GNU
configure:3262: checking dependency style of g++
configure:3372: result: gcc3
configure:3435: checking for gcc
configure:3451: found /usr/bin/gcc
configure:3462: result: gcc
configure:3691: checking for C compiler version
configure:3700: gcc --version >&5
gcc (Ubuntu 4.8.4-2ubuntu1~14.04) 4.8.4
Copyright (C) 2013 Free Software Foundation, Inc.
This is free software; see the source for copying conditions.  There is NO
warranty; not even for MERCHANTABILITY or FITNESS FOR A PARTICULAR PURPOSE.

configure:3711: $? = 0
configure:3700: gcc -v >&5
Using built-in specs.
COLLECT_GCC=gcc
COLLECT_LTO_WRAPPER=/usr/lib/gcc/x86_64-linux-gnu/4.8/lto-wrapper
Target: x86_64-linux-gnu
Configured with: ../src/configure -v --with-pkgversion='Ubuntu 4.8.4-2ubuntu1~14.04' --with-bugurl=file:///usr/share/doc/gcc-4.8/README.Bugs --enable-languages=c,c++,java,go,d,fortran,objc,obj-c++ --prefix=/usr --program-suffix=-4.8 --enable-shared --enable-linker-build-id --libexecdir=/usr/lib --without-included-gettext --enable-threads=posix --with-gxx-include-dir=/usr/include/c++/4.8 --libdir=/usr/lib --enable-nls --with-sysroot=/ --enable-clocale=gnu --enable-libstdcxx-debug --enable-libstdcxx-time=yes --enable-gnu-unique-object --disable-libmudflap --enable-plugin --with-system-zlib --disable-browser-plugin --enable-java-awt=gtk --enable-gtk-cairo --with-java-home=/usr/lib/jvm/java-1.5.0-gcj-4.8-amd64/jre --enable-java-home --with-jvm-root-dir=/usr/lib/jvm/java-1.5.0-gcj-4.8-amd64 --with-jvm-jar-dir=/usr/lib/jvm-exports/java-1.5.0-gcj-4.8-amd64 --with-arch-directory=amd64 --with-ecj-jar=/usr/share/java/eclipse-ecj.jar --enable-objc-gc --enable-multiarch --disable-werror --with-arch-32=i686 --with-abi=m64 --with-multilib-list=m32,m64,mx32 --with-tune=generic --enable-checking=release --build=x86_64-linux-gnu --host=x86_64-linux-gnu --target=x86_64-linux-gnu
Thread model: posix
gcc version 4.8.4 (Ubuntu 4.8.4-2ubuntu1~14.04) 
configure:3711: $? = 0
configure:3700: gcc -V >&5
gcc: error: unrecognized command line option '-V'
gcc: fatal error: no input files
compilation terminated.
configure:3711: $? = 4
configure:3700: gcc -qversion >&5
gcc: error: unrecognized command line option '-qversion'
gcc: fatal error: no input files
compilation terminated.
configure:3711: $? = 4
configure:3715: checking whether we are using the GNU C compiler
configure:3734: gcc -c   conftest.c >&5
configure:3734: $? = 0
configure:3743: result: yes
configure:3752: checking whether gcc accepts -g
configure:3772: gcc -c -g  conftest.c >&5
configure:3772: $? = 0
configure:3813: result: yes
configure:3830: checking for gcc option to accept ISO C89
configure:3894: gcc  -c -g -O2  conftest.c >&5
configure:3894: $? = 0
configure:3907: result: none needed
configure:3929: checking dependency style of gcc
configure:4039: result: gcc3
configure:4064: checking how to run the C preprocessor
configure:4095: gcc -E  conftest.c
configure:4095: $? = 0
configure:4109: gcc -E  conftest.c
conftest.c:11:28: fatal error: ac_nonexistent.h: No such file or directory
 #include <ac_nonexistent.h>
                            ^
compilation terminated.
configure:4109: $? = 1
configure: failed program was:
| /* confdefs.h */
| #define PACKAGE_NAME "ABL"
| #define PACKAGE_TARNAME "abl"
| #define PACKAGE_VERSION "1.2"
| #define PACKAGE_STRING "ABL 1.2"
| #define PACKAGE_BUGREPORT "mvzaanen@uvt.nl"
| #define PACKAGE_URL ""
| #define PACKAGE "abl"
| #define VERSION "1.2"
| /* end confdefs.h.  */
| #include <ac_nonexistent.h>
configure:4134: result: gcc -E
configure:4154: gcc -E  conftest.c
configure:4154: $? = 0
configure:4168: gcc -E  conftest.c
conftest.c:11:28: fatal error: ac_nonexistent.h: No such file or directory
 #include <ac_nonexistent.h>
                            ^
compilation terminated.
configure:4168: $? = 1
configure: failed program was:
| /* confdefs.h */
| #define PACKAGE_NAME "ABL"
| #define PACKAGE_TARNAME "abl"
| #define PACKAGE_VERSION "1.2"
| #define PACKAGE_STRING "ABL 1.2"
| #define PACKAGE_BUGREPORT "mvzaanen@uvt.nl"
| #define PACKAGE_URL ""
| #define PACKAGE "abl"
| #define VERSION "1.2"
| /* end confdefs.h.  */
| #include <ac_nonexistent.h>
configure:4197: checking for grep that handles long lines and -e
configure:4255: result: /bin/grep
configure:4260: checking for egrep
configure:4322: result: /bin/grep -E
configure:4327: checking for ANSI C header files
configure:4347: gcc -c -g -O2  conftest.c >&5
configure:4347: $? = 0
configure:4420: gcc -o conftest -g -O2   conftest.c  >&5
configure:4420: $? = 0
configure:4420: ./conftest
configure:4420: $? = 0
configure:4431: result: yes
configure:4444: checking for sys/types.h
configure:4444: gcc -c -g -O2  conftest.c >&5
configure:4444: $? = 0
configure:4444: result: yes
configure:4444: checking for sys/stat.h
configure:4444: gcc -c -g -O2  conftest.c >&5
configure:4444: $? = 0
configure:4444: result: yes
configure:4444: checking for stdlib.h
configure:4444: gcc -c -g -O2  conftest.c >&5
configure:4444: $? = 0
configure:4444: result: yes
configure:4444: checking for string.h
configure:4444: gcc -c -g -O2  conftest.c >&5
configure:4444: $? = 0
configure:4444: result: yes
configure:4444: checking for memory.h
configure:4444: gcc -c -g -O2  conftest.c >&5
configure:4444: $? = 0
configure:4444: result: yes
configure:4444: checking for strings.h
configure:4444: gcc -c -g -O2  conftest.c >&5
configure:4444: $? = 0
configure:4444: result: yes
configure:4444: checking for inttypes.h
configure:4444: gcc -c -g -O2  conftest.c >&5
configure:4444: $? = 0
configure:4444: result: yes
configure:4444: checking for stdint.h
configure:4444: gcc -c -g -O2  conftest.c >&5
configure:4444: $? = 0
configure:4444: result: yes
configure:4444: checking for unistd.h
configure:4444: gcc -c -g -O2  conftest.c >&5
configure:4444: $? = 0
configure:4444: result: yes
configure:4460: checking math.h usability
configure:4460: gcc -c -g -O2  conftest.c >&5
configure:4460: $? = 0
configure:4460: result: yes
configure:4460: checking math.h presence
configure:4460: gcc -E  conftest.c
configure:4460: $? = 0
configure:4460: result: yes
configure:4460: checking for math.h
configure:4460: result: yes
configure:4460: checking getopt.h usability
configure:4460: gcc -c -g -O2  conftest.c >&5
configure:4460: $? = 0
configure:4460: result: yes
configure:4460: checking getopt.h presence
configure:4460: gcc -E  conftest.c
configure:4460: $? = 0
configure:4460: result: yes
configure:4460: checking for getopt.h
configure:4460: result: yes
configure:4460: checking for unistd.h
configure:4460: result: yes
configure:4460: checking signal.h usability
configure:4460: gcc -c -g -O2  conftest.c >&5
configure:4460: $? = 0
configure:4460: result: yes
configure:4460: checking signal.h presence
configure:4460: gcc -E  conftest.c
configure:4460: $? = 0
configure:4460: result: yes
configure:4460: checking for signal.h
configure:4460: result: yes
configure:4473: checking for stdbool.h that conforms to C99
configure:4558: gcc -c -g -O2  conftest.c >&5
configure:4558: $? = 0
configure:4565: result: yes
configure:4567: checking for _Bool
configure:4567: gcc -c -g -O2  conftest.c >&5
configure:4567: $? = 0
configure:4567: gcc -c -g -O2  conftest.c >&5
conftest.c: In function 'main':
conftest.c:61:20: error: expected expression before ')' token
 if (sizeof ((_Bool)))
                    ^
configure:4567: $? = 1
configure: failed program was:
| /* confdefs.h */
| #define PACKAGE_NAME "ABL"
| #define PACKAGE_TARNAME "abl"
| #define PACKAGE_VERSION "1.2"
| #define PACKAGE_STRING "ABL 1.2"
| #define PACKAGE_BUGREPORT "mvzaanen@uvt.nl"
| #define PACKAGE_URL ""
| #define PACKAGE "abl"
| #define VERSION "1.2"
| #define STDC_HEADERS 1
| #define HAVE_SYS_TYPES_H 1
| #define HAVE_SYS_STAT_H 1
| #define HAVE_STDLIB_H 1
| #define HAVE_STRING_H 1
| #define HAVE_MEMORY_H 1
| #define HAVE_STRINGS_H 1
| #define HAVE_INTTYPES_H 1
| #define HAVE_STDINT_H 1
| #define HAVE_UNISTD_H 1
| #define HAVE_MATH_H 1
| #define HAVE_GETOPT_H 1
| #define HAVE_UNISTD_H 1
| #define HAVE_SIGNAL_H 1
| /* end confdefs.h.  */
| #include <stdio.h>
| #ifdef HAVE_SYS_TYPES_H
| # include <sys/types.h>
| #endif
| #ifdef HAVE_SYS_STAT_H
| # include <sys/stat.h>
| #endif
| #ifdef STDC_HEADERS
| # include <stdlib.h>
| # include <stddef.h>
| #else
| # ifdef HAVE_STDLIB_H
| #  include <stdlib.h>
| # endif
| #endif
| #ifdef HAVE_STRING_H
| # if !defined STDC_HEADERS && defined HAVE_MEMORY_H
| #  include <memory.h>
| # endif
| # include <string.h>
| #endif
| #ifdef HAVE_STRINGS_H
| # include <strings.h>
| #endif
| #ifdef HAVE_INTTYPES_H
| # include <inttypes.h>
| #endif
| #ifdef HAVE_STDINT_H
| # include <stdint.h>
| #endif
| #ifdef HAVE_UNISTD_H
| # include <unistd.h>
| #endif
| int
| main ()
| {
| if (sizeof ((_Bool)))
| 	    return 0;
|   ;
|   return 0;
| }
configure:4567: result: yes
configure:4583: checking for an ANSI C-conforming const
configure:4648: gcc -c -g -O2  conftest.c >&5
configure:4648: $? = 0
configure:4655: result: yes
configure:4663: checking for inline
configure:4679: gcc -c -g -O2  conftest.c >&5
configure:4679: $? = 0
configure:4687: result: inline
configure:4707: checking for error_at_line
configure:4723: gcc -o conftest -g -O2   conftest.c  >&5
configure:4723: $? = 0
configure:4731: result: yes
configure:4742: checking for ANSI C header files
configure:4846: result: yes
configure:4857: checking sys/select.h usability
configure:4857: gcc -c -g -O2  conftest.c >&5
configure:4857: $? = 0
configure:4857: result: yes
configure:4857: checking sys/select.h presence
configure:4857: gcc -E  conftest.c
configure:4857: $? = 0
configure:4857: result: yes
configure:4857: checking for sys/select.h
configure:4857: result: yes
configure:4857: checking sys/socket.h usability
configure:4857: gcc -c -g -O2  conftest.c >&5
configure:4857: $? = 0
configure:4857: result: yes
configure:4857: checking sys/socket.h presence
configure:4857: gcc -E  conftest.c
configure:4857: $? = 0
configure:4857: result: yes
configure:4857: checking for sys/socket.h
configure:4857: result: yes
configure:4868: checking types of arguments for select
configure:4896: gcc -c -g -O2  conftest.c >&5
configure:4896: $? = 0
configure:4907: result: int,fd_set *,struct timeval *
configure:4930: checking return type of signal handlers
configure:4948: gcc -c -g -O2  conftest.c >&5
conftest.c: In function 'main':
conftest.c:39:1: error: void value not ignored as it ought to be
 return *(signal (0, 0)) (0) == 1;
 ^
configure:4948: $? = 1
configure: failed program was:
| /* confdefs.h */
| #define PACKAGE_NAME "ABL"
| #define PACKAGE_TARNAME "abl"
| #define PACKAGE_VERSION "1.2"
| #define PACKAGE_STRING "ABL 1.2"
| #define PACKAGE_BUGREPORT "mvzaanen@uvt.nl"
| #define PACKAGE_URL ""
| #define PACKAGE "abl"
| #define VERSION "1.2"
| #define STDC_HEADERS 1
| #define HAVE_SYS_TYPES_H 1
| #define HAVE_SYS_STAT_H 1
| #define HAVE_STDLIB_H 1
| #define HAVE_STRING_H 1
| #define HAVE_MEMORY_H 1
| #define HAVE_STRINGS_H 1
| #define HAVE_INTTYPES_H 1
| #define HAVE_STDINT_H 1
| #define HAVE_UNISTD_H 1
| #define HAVE_MATH_H 1
| #define HAVE_GETOPT_H 1
| #define HAVE_UNISTD_H 1
| #define HAVE_SIGNAL_H 1
| #define HAVE__BOOL 1
| #define HAVE_STDBOOL_H 1
| #define STDC_HEADERS 1
| #define HAVE_SYS_SELECT_H 1
| #define HAVE_SYS_SOCKET_H 1
| #define SELECT_TYPE_ARG1 int
| #define SELECT_TYPE_ARG234 (fd_set *)
| #define SELECT_TYPE_ARG5 (struct timeval *)
| /* end confdefs.h.  */
| #include <sys/types.h>
| #include <signal.h>
| 
| int
| main ()
| {
| return *(signal (0, 0)) (0) == 1;
|   ;
|   return 0;
| }
configure:4955: result: void
configure:4966: checking for alarm
configure:4966: gcc -o conftest -g -O2   conftest.c  >&5
configure:4966: $? = 0
configure:4966: result: yes
configure:4966: checking for select
configure:4966: gcc -o conftest -g -O2   conftest.c  >&5
configure:4966: $? = 0
configure:4966: result: yes
configure:5102: creating ./config.status

## ---------------------- ##
## Running config.status. ##
## ---------------------- ##

This file was extended by ABL config.status 1.2, which was
generated by GNU Autoconf 2.64.  Invocation command line was

  CONFIG_FILES    = 
  CONFIG_HEADERS  = 
  CONFIG_LINKS    = 
  CONFIG_COMMANDS = 
  $ ./config.status 

on vagrant-ubuntu-trusty-64

config.status:869: creating Makefile
config.status:869: creating doc/Makefile
config.status:869: creating src/Makefile
config.status:869: creating config.h
config.status:1041: config.h is unchanged
config.status:1089: executing depfiles commands

## ---------------- ##
## Cache variables. ##
## ---------------- ##

ac_cv_c_compiler_gnu=yes
ac_cv_c_const=yes
ac_cv_c_inline=inline
ac_cv_cxx_compiler_gnu=yes
ac_cv_env_CCC_set=
ac_cv_env_CCC_value=
ac_cv_env_CC_set=
ac_cv_env_CC_value=
ac_cv_env_CFLAGS_set=
ac_cv_env_CFLAGS_value=
ac_cv_env_CPPFLAGS_set=
ac_cv_env_CPPFLAGS_value=
ac_cv_env_CPP_set=
ac_cv_env_CPP_value=
ac_cv_env_CXXFLAGS_set=
ac_cv_env_CXXFLAGS_value=
ac_cv_env_CXX_set=
ac_cv_env_CXX_value=
ac_cv_env_LDFLAGS_set=
ac_cv_env_LDFLAGS_value=
ac_cv_env_LIBS_set=
ac_cv_env_LIBS_value=
ac_cv_env_build_alias_set=
ac_cv_env_build_alias_value=
ac_cv_env_host_alias_set=
ac_cv_env_host_alias_value=
ac_cv_env_target_alias_set=
ac_cv_env_target_alias_value=
ac_cv_func_alarm=yes
ac_cv_func_select=yes
ac_cv_func_select_args='int,fd_set *,struct timeval *'
ac_cv_header_getopt_h=yes
ac_cv_header_inttypes_h=yes
ac_cv_header_math_h=yes
ac_cv_header_memory_h=yes
ac_cv_header_signal_h=yes
ac_cv_header_stdbool_h=yes
ac_cv_header_stdc=yes
ac_cv_header_stdint_h=yes
ac_cv_header_stdlib_h=yes
ac_cv_header_string_h=yes
ac_cv_header_strings_h=yes
ac_cv_header_sys_select_h=yes
ac_cv_header_sys_socket_h=yes
ac_cv_header_sys_stat_h=yes
ac_cv_header_sys_types_h=yes
ac_cv_header_unistd_h=yes
ac_cv_lib_error_at_line=yes
ac_cv_objext=o
ac_cv_path_EGREP='/bin/grep -E'
ac_cv_path_GREP=/bin/grep
ac_cv_path_install='/usr/bin/install -c'
ac_cv_path_mkdir=/bin/mkdir
ac_cv_prog_AWK=gawk
ac_cv_prog_CPP='gcc -E'
ac_cv_prog_ac_ct_CC=gcc
ac_cv_prog_ac_ct_CXX=g++
ac_cv_prog_cc_c89=
ac_cv_prog_cc_g=yes
ac_cv_prog_cxx_g=yes
ac_cv_prog_make_make_set=yes
ac_cv_type__Bool=yes
ac_cv_type_signal=void
am_cv_CC_dependencies_compiler_type=gcc3
am_cv_CXX_dependencies_compiler_type=gcc3

## ----------------- ##
## Output variables. ##
## ----------------- ##

ACLOCAL='${SHELL} /vagrant/lib/abl-1.2/missing --run aclocal-1.11'
AMDEPBACKSLASH='\'
AMDEP_FALSE='#'
AMDEP_TRUE=''
AMTAR='${SHELL} /vagrant/lib/abl-1.2/missing --run tar'
AUTOCONF='${SHELL} /vagrant/lib/abl-1.2/missing --run autoconf'
AUTOHEADER='${SHELL} /vagrant/lib/abl-1.2/missing --run autoheader'
AUTOMAKE='${SHELL} /vagrant/lib/abl-1.2/missing --run automake-1.11'
AWK='gawk'
CC='gcc'
CCDEPMODE='depmode=gcc3'
CFLAGS='-g -O2'
CPP='gcc -E'
CPPFLAGS=''
CXX='g++'
CXXDEPMODE='depmode=gcc3'
CXXFLAGS='-g -O2'
CYGPATH_W='echo'
DEFS='-DHAVE_CONFIG_H'
DEPDIR='.deps'
ECHO_C=''
ECHO_N='-n'
ECHO_T=''
EGREP='/bin/grep -E'
EXEEXT=''
GREP='/bin/grep'
INSTALL_DATA='${INSTALL} -m 644'
INSTALL_PROGRAM='${INSTALL}'
INSTALL_SCRIPT='${INSTALL}'
INSTALL_STRIP_PROGRAM='$(install_sh) -c -s'
LDFLAGS=''
LIBOBJS=''
LIBS=''
LTLIBOBJS=''
MAKEINFO='${SHELL} /vagrant/lib/abl-1.2/missing --run makeinfo'
MKDIR_P='/bin/mkdir -p'
OBJEXT='o'
PACKAGE='abl'
PACKAGE_BUGREPORT='mvzaanen@uvt.nl'
PACKAGE_NAME='ABL'
PACKAGE_STRING='ABL 1.2'
PACKAGE_TARNAME='abl'
PACKAGE_URL=''
PACKAGE_VERSION='1.2'
PATH_SEPARATOR=':'
SET_MAKE=''
SHELL='/bin/bash'
STRIP=''
VERSION='1.2'
ac_ct_CC='gcc'
ac_ct_CXX='g++'
am__EXEEXT_FALSE=''
am__EXEEXT_TRUE='#'
am__fastdepCC_FALSE='#'
am__fastdepCC_TRUE=''
am__fastdepCXX_FALSE='#'
am__fastdepCXX_TRUE=''
am__include='include'
am__isrc=''
am__leading_dot='.'
am__quote=''
am__tar='${AMTAR} chof - "$$tardir"'
am__untar='${AMTAR} xf -'
bindir='${exec_prefix}/bin'
build_alias=''
datadir='${datarootdir}'
datarootdir='${prefix}/share'
docdir='${datarootdir}/doc/${PACKAGE_TARNAME}'
dvidir='${docdir}'
exec_prefix='${prefix}'
host_alias=''
htmldir='${docdir}'
includedir='${prefix}/include'
infodir='${datarootdir}/info'
install_sh='${SHELL} /vagrant/lib/abl-1.2/install-sh'
libdir='${exec_prefix}/lib'
libexecdir='${exec_prefix}/libexec'
localedir='${datarootdir}/locale'
localstatedir='${prefix}/var'
mandir='${datarootdir}/man'
mkdir_p='/bin/mkdir -p'
oldincludedir='/usr/include'
pdfdir='${docdir}'
prefix='/usr/local'
program_transform_name='s,x,x,'
psdir='${docdir}'
sbindir='${exec_prefix}/sbin'
sharedstatedir='${prefix}/com'
sysconfdir='${prefix}/etc'
target_alias=''

## ----------- ##
## confdefs.h. ##
## ----------- ##

/* confdefs.h */
#define PACKAGE_NAME "ABL"
#define PACKAGE_TARNAME "abl"
#define PACKAGE_VERSION "1.2"
#define PACKAGE_STRING "ABL 1.2"
#define PACKAGE_BUGREPORT "mvzaanen@uvt.nl"
#define PACKAGE_URL ""
#define PACKAGE "abl"
#define VERSION "1.2"
#define STDC_HEADERS 1
#define HAVE_SYS_TYPES_H 1
#define HAVE_SYS_STAT_H 1
#define HAVE_STDLIB_H 1
#define HAVE_STRING_H 1
#define HAVE_MEMORY_H 1
#define HAVE_STRINGS_H 1
#define HAVE_INTTYPES_H 1
#define HAVE_STDINT_H 1
#define HAVE_UNISTD_H 1
#define HAVE_MATH_H 1
#define HAVE_GETOPT_H 1
#define HAVE_UNISTD_H 1
#define HAVE_SIGNAL_H 1
#define HAVE__BOOL 1
#define HAVE_STDBOOL_H 1
#define STDC_HEADERS 1
#define HAVE_SYS_SELECT_H 1
#define HAVE_SYS_SOCKET_H 1
#define SELECT_TYPE_ARG1 int
#define SELECT_TYPE_ARG234 (fd_set *)
#define SELECT_TYPE_ARG5 (struct timeval *)
#define RETSIGTYPE void
#define HAVE_ALARM 1
#define HAVE_SELECT 1

configure: exit 0
